Using pre-set license

 COMMAND LINE ARGUMENTS:
/Applications/Unity/Hub/Editor/2020.3.4f1/Unity.app/Contents/MacOS/Unity
-adb2
-batchMode
-noUpm
-name
AssetImportWorker0
-projectPath
/Users/waynewood/Documents/Unity Indy Games/Goap AI Project
-logFile
Logs/AssetImportWorker0.log
-srvPort
58611
Successfully changed project path to: /Users/waynewood/Documents/Unity Indy Games/Goap AI Project
/Users/waynewood/Documents/Unity Indy Games/Goap AI Project
Using Asset Import Pipeline V2.
Refreshing native plugins compatible for Editor in 25.44 ms, found 1 plugins.
Preloading 0 native plugins for Editor in 0.00 ms.
Initialize engine version: 2020.3.4f1 (0abb6314276a)
[Subsystems] Discovering subsystems at path /Applications/Unity/Hub/Editor/2020.3.4f1/Unity.app/Contents/Resources/UnitySubsystems
[Subsystems] Discovering subsystems at path /Users/waynewood/Documents/Unity Indy Games/Goap AI Project/Assets
GfxDevice: creating device client; threaded=0
2021-05-17 11:08:10.124 Unity[39124:2678109] Color LCD preferred device: AMD Radeon Pro 5300M (high power)
2021-05-17 11:08:10.124 Unity[39124:2678109] Metal devices available: 2
2021-05-17 11:08:10.125 Unity[39124:2678109] 0: AMD Radeon Pro 5300M (high power)
2021-05-17 11:08:10.125 Unity[39124:2678109] 1: Intel(R) UHD Graphics 630 (low power)
2021-05-17 11:08:10.125 Unity[39124:2678109] Using device AMD Radeon Pro 5300M (high power)
Initializing Metal device caps: AMD Radeon Pro 5300M
Initialize mono
Mono path[0] = '/Applications/Unity/Hub/Editor/2020.3.4f1/Unity.app/Contents/Managed'
Mono path[1] = '/Applications/Unity/Hub/Editor/2020.3.4f1/Unity.app/Contents/MonoBleedingEdge/lib/mono/unityjit'
Mono config path = '/Applications/Unity/Hub/Editor/2020.3.4f1/Unity.app/Contents/MonoBleedingEdge/etc'
Using monoOptions --debugger-agent=transport=dt_socket,embedding=1,server=y,suspend=n,address=127.0.0.1:56124
Begin MonoManager ReloadAssembly
Registering precompiled unity dll's ...
Register platform support module: /Applications/Unity/Hub/Editor/2020.3.4f1/PlaybackEngines/WebGLSupport/UnityEditor.WebGL.Extensions.dll
Register platform support module: /Applications/Unity/Hub/Editor/2020.3.4f1/Unity.app/Contents/PlaybackEngines/MacStandaloneSupport/UnityEditor.OSXStandalone.Extensions.dll
Registered in 0.000715 seconds.
Native extension for OSXStandalone target not found
Native extension for WebGL target not found
Refreshing native plugins compatible for Editor in 23.24 ms, found 1 plugins.
Preloading 0 native plugins for Editor in 0.00 ms.
Mono: successfully reloaded assembly
- Completed reload, in  3.076 seconds
Platform modules already initialized, skipping
Registering precompiled user dll's ...
Registered in 0.000367 seconds.
Begin MonoManager ReloadAssembly
Native extension for OSXStandalone target not found
Native extension for WebGL target not found
Refreshing native plugins compatible for Editor in 0.27 ms, found 1 plugins.
Preloading 0 native plugins for Editor in 0.00 ms.
Mono: successfully reloaded assembly
- Completed reload, in  1.018 seconds
Platform modules already initialized, skipping
========================================================================
Worker process is ready to serve import requests
Launching external process: /Applications/Unity/Hub/Editor/2020.3.4f1/Unity.app/Contents/Tools/UnityShaderCompiler
Launched and connected shader compiler UnityShaderCompiler after 0.01 seconds
Refreshing native plugins compatible for Editor in 0.20 ms, found 1 plugins.
Preloading 0 native plugins for Editor in 0.00 ms.
Unloading 1130 Unused Serialized files (Serialized files now loaded: 0)
System memory in use before: 115.8 MB.
System memory in use after: 115.8 MB.

Unloading 10 unused Assets to reduce memory usage. Loaded Objects now: 1574.
Total: 1.827012 ms (FindLiveObjects: 0.175866 ms CreateObjectMapping: 0.041545 ms MarkObjects: 1.506683 ms  DeleteObjects: 0.101935 ms)

========================================================================
Received Import Request.
  path: Assets/Scripts/GOAP/WorldStates.cs
  artifactKey: Guid(f7603b7e2116445bdbe48fae9a8243bc) Importer(815301076,1909f56bfc062723c751e8b465ee728b)
Start importing Assets/Scripts/GOAP/WorldStates.cs using Guid(f7603b7e2116445bdbe48fae9a8243bc) Importer(815301076,1909f56bfc062723c751e8b465ee728b)  -> (artifact id: 'f76e110ac1423bf5a2c71c5136ddff4d') in 2.028368 seconds
  Import took 2.030221 seconds .

========================================================================
Received Prepare
Registering precompiled user dll's ...
Registered in 0.000308 seconds.
Begin MonoManager ReloadAssembly
Native extension for OSXStandalone target not found
Native extension for WebGL target not found
Refreshing native plugins compatible for Editor in 0.19 ms, found 1 plugins.
Preloading 0 native plugins for Editor in 0.00 ms.
Mono: successfully reloaded assembly
- Completed reload, in  0.801 seconds
Platform modules already initialized, skipping
Refreshing native plugins compatible for Editor in 0.17 ms, found 1 plugins.
Preloading 0 native plugins for Editor in 0.00 ms.
Unloading 1125 Unused Serialized files (Serialized files now loaded: 0)
System memory in use before: 120.3 MB.
System memory in use after: 120.4 MB.

Unloading 5 unused Assets to reduce memory usage. Loaded Objects now: 1577.
Total: 1.649831 ms (FindLiveObjects: 0.200175 ms CreateObjectMapping: 0.037720 ms MarkObjects: 1.351868 ms  DeleteObjects: 0.058678 ms)

========================================================================
Received Prepare
Registering precompiled user dll's ...
Registered in 0.000421 seconds.
Begin MonoManager ReloadAssembly
Native extension for OSXStandalone target not found
Native extension for WebGL target not found
Refreshing native plugins compatible for Editor in 0.22 ms, found 1 plugins.
Preloading 0 native plugins for Editor in 0.00 ms.
Mono: successfully reloaded assembly
- Completed reload, in  1.165 seconds
Platform modules already initialized, skipping
Refreshing native plugins compatible for Editor in 0.18 ms, found 1 plugins.
Preloading 0 native plugins for Editor in 0.00 ms.
Unloading 1125 Unused Serialized files (Serialized files now loaded: 0)
System memory in use before: 120.6 MB.
System memory in use after: 120.7 MB.

Unloading 5 unused Assets to reduce memory usage. Loaded Objects now: 1580.
Total: 1.865701 ms (FindLiveObjects: 0.151708 ms CreateObjectMapping: 0.039312 ms MarkObjects: 1.616645 ms  DeleteObjects: 0.056876 ms)

========================================================================
Received Prepare
Registering precompiled user dll's ...
Registered in 0.000442 seconds.
Begin MonoManager ReloadAssembly
Native extension for OSXStandalone target not found
Native extension for WebGL target not found
Refreshing native plugins compatible for Editor in 0.18 ms, found 1 plugins.
Preloading 0 native plugins for Editor in 0.00 ms.
Mono: successfully reloaded assembly
- Completed reload, in  0.812 seconds
Platform modules already initialized, skipping
Refreshing native plugins compatible for Editor in 0.15 ms, found 1 plugins.
Preloading 0 native plugins for Editor in 0.00 ms.
Unloading 1125 Unused Serialized files (Serialized files now loaded: 0)
System memory in use before: 120.8 MB.
System memory in use after: 120.8 MB.

Unloading 5 unused Assets to reduce memory usage. Loaded Objects now: 1583.
Total: 2.390733 ms (FindLiveObjects: 0.256845 ms CreateObjectMapping: 0.055201 ms MarkObjects: 1.991006 ms  DeleteObjects: 0.085134 ms)

========================================================================
Received Prepare
Registering precompiled user dll's ...
Registered in 0.000465 seconds.
Begin MonoManager ReloadAssembly
Native extension for OSXStandalone target not found
Native extension for WebGL target not found
Refreshing native plugins compatible for Editor in 0.18 ms, found 1 plugins.
Preloading 0 native plugins for Editor in 0.00 ms.
Mono: successfully reloaded assembly
- Completed reload, in  0.824 seconds
Platform modules already initialized, skipping
Refreshing native plugins compatible for Editor in 0.20 ms, found 1 plugins.
Preloading 0 native plugins for Editor in 0.00 ms.
Unloading 1125 Unused Serialized files (Serialized files now loaded: 0)
System memory in use before: 120.9 MB.
System memory in use after: 121.0 MB.

Unloading 5 unused Assets to reduce memory usage. Loaded Objects now: 1586.
Total: 1.769697 ms (FindLiveObjects: 0.148978 ms CreateObjectMapping: 0.038987 ms MarkObjects: 1.519733 ms  DeleteObjects: 0.060902 ms)

========================================================================
Received Prepare
Registering precompiled user dll's ...
Registered in 0.000845 seconds.
Begin MonoManager ReloadAssembly
Native extension for OSXStandalone target not found
Native extension for WebGL target not found
Refreshing native plugins compatible for Editor in 0.19 ms, found 1 plugins.
Preloading 0 native plugins for Editor in 0.00 ms.
Mono: successfully reloaded assembly
- Completed reload, in  1.218 seconds
Platform modules already initialized, skipping
Refreshing native plugins compatible for Editor in 0.52 ms, found 1 plugins.
Preloading 0 native plugins for Editor in 0.00 ms.
Unloading 1125 Unused Serialized files (Serialized files now loaded: 0)
System memory in use before: 121.1 MB.
System memory in use after: 121.2 MB.

Unloading 5 unused Assets to reduce memory usage. Loaded Objects now: 1589.
Total: 3.544293 ms (FindLiveObjects: 0.668840 ms CreateObjectMapping: 0.102602 ms MarkObjects: 2.613262 ms  DeleteObjects: 0.154617 ms)

========================================================================
Received Import Request.
  Time since last request: 934.829402 seconds.
  path: Assets/Scripts/GOAP/GInventory.cs
  artifactKey: Guid(3bd47363fde2142319bbe959fd398b34) Importer(815301076,1909f56bfc062723c751e8b465ee728b)
Start importing Assets/Scripts/GOAP/GInventory.cs using Guid(3bd47363fde2142319bbe959fd398b34) Importer(815301076,1909f56bfc062723c751e8b465ee728b)  -> (artifact id: '0b75d5d8b726f50899f8b82249d8b0ae') in 0.010306 seconds
  Import took 0.013118 seconds .

========================================================================
Received Prepare
Registering precompiled user dll's ...
Registered in 0.000536 seconds.
Begin MonoManager ReloadAssembly
Native extension for OSXStandalone target not found
Native extension for WebGL target not found
Refreshing native plugins compatible for Editor in 0.24 ms, found 1 plugins.
Preloading 0 native plugins for Editor in 0.00 ms.
Mono: successfully reloaded assembly
- Completed reload, in  1.155 seconds
Platform modules already initialized, skipping
Refreshing native plugins compatible for Editor in 0.24 ms, found 1 plugins.
Preloading 0 native plugins for Editor in 0.00 ms.
Unloading 1126 Unused Serialized files (Serialized files now loaded: 0)
System memory in use before: 121.4 MB.
System memory in use after: 121.4 MB.

Unloading 5 unused Assets to reduce memory usage. Loaded Objects now: 1593.
Total: 1.659589 ms (FindLiveObjects: 0.140867 ms CreateObjectMapping: 0.038600 ms MarkObjects: 1.428577 ms  DeleteObjects: 0.050548 ms)

========================================================================
Received Import Request.
  Time since last request: 428.822958 seconds.
  path: Assets/Scripts/GOAP/GInventory.cs
  artifactKey: Guid(3bd47363fde2142319bbe959fd398b34) Importer(815301076,1909f56bfc062723c751e8b465ee728b)
Start importing Assets/Scripts/GOAP/GInventory.cs using Guid(3bd47363fde2142319bbe959fd398b34) Importer(815301076,1909f56bfc062723c751e8b465ee728b)  -> (artifact id: '96a975a3051040f986d820c0afcd20bd') in 0.012134 seconds
  Import took 0.014698 seconds .

========================================================================
Received Prepare
Registering precompiled user dll's ...
Registered in 0.000636 seconds.
Begin MonoManager ReloadAssembly
Native extension for OSXStandalone target not found
Native extension for WebGL target not found
Refreshing native plugins compatible for Editor in 0.60 ms, found 1 plugins.
Preloading 0 native plugins for Editor in 0.00 ms.
Mono: successfully reloaded assembly
- Completed reload, in  1.176 seconds
Platform modules already initialized, skipping
Refreshing native plugins compatible for Editor in 0.24 ms, found 1 plugins.
Preloading 0 native plugins for Editor in 0.00 ms.
Unloading 1126 Unused Serialized files (Serialized files now loaded: 0)
System memory in use before: 121.5 MB.
System memory in use after: 121.6 MB.

Unloading 5 unused Assets to reduce memory usage. Loaded Objects now: 1596.
Total: 1.951204 ms (FindLiveObjects: 0.275889 ms CreateObjectMapping: 0.085372 ms MarkObjects: 1.534275 ms  DeleteObjects: 0.054470 ms)

========================================================================
Received Import Request.
  Time since last request: 80.980395 seconds.
  path: Assets/Scripts/GOAP/GAgent.cs
  artifactKey: Guid(74e8db295bb114515b2b115e81c6fe74) Importer(815301076,1909f56bfc062723c751e8b465ee728b)
Start importing Assets/Scripts/GOAP/GAgent.cs using Guid(74e8db295bb114515b2b115e81c6fe74) Importer(815301076,1909f56bfc062723c751e8b465ee728b)  -> (artifact id: '67fbbe0af26a91053176cda5ffb1c73b') in 0.007710 seconds
  Import took 0.009771 seconds .

========================================================================
Received Prepare
Registering precompiled user dll's ...
Registered in 0.000420 seconds.
Begin MonoManager ReloadAssembly
Native extension for OSXStandalone target not found
Native extension for WebGL target not found
Refreshing native plugins compatible for Editor in 0.22 ms, found 1 plugins.
Preloading 0 native plugins for Editor in 0.00 ms.
Mono: successfully reloaded assembly
- Completed reload, in  1.168 seconds
Platform modules already initialized, skipping
Refreshing native plugins compatible for Editor in 0.22 ms, found 1 plugins.
Preloading 0 native plugins for Editor in 0.00 ms.
Unloading 1126 Unused Serialized files (Serialized files now loaded: 0)
System memory in use before: 121.7 MB.
System memory in use after: 121.8 MB.

Unloading 5 unused Assets to reduce memory usage. Loaded Objects now: 1599.
Total: 2.876542 ms (FindLiveObjects: 0.233327 ms CreateObjectMapping: 0.055773 ms MarkObjects: 2.458375 ms  DeleteObjects: 0.127051 ms)

========================================================================
Received Import Request.
  Time since last request: 219.743975 seconds.
  path: Assets/Scripts/GOAP/GAction.cs
  artifactKey: Guid(40972a29f1625493eb103723a91eecf0) Importer(815301076,1909f56bfc062723c751e8b465ee728b)
Start importing Assets/Scripts/GOAP/GAction.cs using Guid(40972a29f1625493eb103723a91eecf0) Importer(815301076,1909f56bfc062723c751e8b465ee728b)  -> (artifact id: '41ed0831114250d839826e92971b4578') in 0.006493 seconds
  Import took 0.008773 seconds .

========================================================================
Received Prepare
Registering precompiled user dll's ...
Registered in 0.000462 seconds.
Begin MonoManager ReloadAssembly
Native extension for OSXStandalone target not found
Native extension for WebGL target not found
Refreshing native plugins compatible for Editor in 0.23 ms, found 1 plugins.
Preloading 0 native plugins for Editor in 0.00 ms.
Mono: successfully reloaded assembly
- Completed reload, in  1.189 seconds
Platform modules already initialized, skipping
Refreshing native plugins compatible for Editor in 0.32 ms, found 1 plugins.
Preloading 0 native plugins for Editor in 0.00 ms.
Unloading 1126 Unused Serialized files (Serialized files now loaded: 0)
System memory in use before: 121.9 MB.
System memory in use after: 122.0 MB.

Unloading 5 unused Assets to reduce memory usage. Loaded Objects now: 1602.
Total: 1.415051 ms (FindLiveObjects: 0.126638 ms CreateObjectMapping: 0.029170 ms MarkObjects: 1.210874 ms  DeleteObjects: 0.047463 ms)

========================================================================
Received Import Request.
  Time since last request: 11.185031 seconds.
  path: Assets/Scripts/GetPatient.cs
  artifactKey: Guid(fb2501fcb639c4b64b0b5992e5a67cad) Importer(815301076,1909f56bfc062723c751e8b465ee728b)
Start importing Assets/Scripts/GetPatient.cs using Guid(fb2501fcb639c4b64b0b5992e5a67cad) Importer(815301076,1909f56bfc062723c751e8b465ee728b)  -> (artifact id: 'df9ac1cc54e60aa9eb3b3c9092bb49a6') in 0.006349 seconds
  Import took 0.008428 seconds .

========================================================================
Received Import Request.
  Time since last request: 137.253461 seconds.
  path: Assets/Scripts/GetPatient.cs
  artifactKey: Guid(fb2501fcb639c4b64b0b5992e5a67cad) Importer(815301076,1909f56bfc062723c751e8b465ee728b)
Start importing Assets/Scripts/GetPatient.cs using Guid(fb2501fcb639c4b64b0b5992e5a67cad) Importer(815301076,1909f56bfc062723c751e8b465ee728b)  -> (artifact id: '5b2e505986c99a4a9b4a08e9458fed25') in 0.006253 seconds
  Import took 0.008978 seconds .

========================================================================
Received Prepare
Registering precompiled user dll's ...
Registered in 0.000556 seconds.
Begin MonoManager ReloadAssembly
Native extension for OSXStandalone target not found
Native extension for WebGL target not found
Refreshing native plugins compatible for Editor in 0.33 ms, found 1 plugins.
Preloading 0 native plugins for Editor in 0.00 ms.
Mono: successfully reloaded assembly
- Completed reload, in  1.284 seconds
Platform modules already initialized, skipping
Refreshing native plugins compatible for Editor in 0.31 ms, found 1 plugins.
Preloading 0 native plugins for Editor in 0.00 ms.
Unloading 1126 Unused Serialized files (Serialized files now loaded: 0)
System memory in use before: 122.1 MB.
System memory in use after: 122.1 MB.

Unloading 5 unused Assets to reduce memory usage. Loaded Objects now: 1605.
Total: 3.050039 ms (FindLiveObjects: 0.184837 ms CreateObjectMapping: 0.042621 ms MarkObjects: 2.745502 ms  DeleteObjects: 0.075412 ms)

========================================================================
Received Import Request.
  Time since last request: 132.016794 seconds.
  path: Assets/Scripts/GetPatient.cs
  artifactKey: Guid(fb2501fcb639c4b64b0b5992e5a67cad) Importer(815301076,1909f56bfc062723c751e8b465ee728b)
Start importing Assets/Scripts/GetPatient.cs using Guid(fb2501fcb639c4b64b0b5992e5a67cad) Importer(815301076,1909f56bfc062723c751e8b465ee728b)  -> (artifact id: 'b86151a840e495a9986b8e11f9d336c1') in 0.006431 seconds
  Import took 0.008468 seconds .

========================================================================
Received Prepare
Registering precompiled user dll's ...
Registered in 0.000272 seconds.
Begin MonoManager ReloadAssembly
Native extension for OSXStandalone target not found
Native extension for WebGL target not found
Refreshing native plugins compatible for Editor in 0.18 ms, found 1 plugins.
Preloading 0 native plugins for Editor in 0.00 ms.
Mono: successfully reloaded assembly
- Completed reload, in  0.948 seconds
Platform modules already initialized, skipping
Refreshing native plugins compatible for Editor in 0.17 ms, found 1 plugins.
Preloading 0 native plugins for Editor in 0.00 ms.
Unloading 1126 Unused Serialized files (Serialized files now loaded: 0)
System memory in use before: 122.3 MB.
System memory in use after: 122.3 MB.

Unloading 5 unused Assets to reduce memory usage. Loaded Objects now: 1608.
Total: 1.652564 ms (FindLiveObjects: 0.203242 ms CreateObjectMapping: 0.038967 ms MarkObjects: 1.356971 ms  DeleteObjects: 0.052076 ms)

========================================================================
Received Import Request.
  Time since last request: 253.959988 seconds.
  path: Assets/Scripts/GetPatient1.cs
  artifactKey: Guid(ec2026a190fb64d059ebc3ab4e1e29f5) Importer(815301076,1909f56bfc062723c751e8b465ee728b)
Start importing Assets/Scripts/GetPatient1.cs using Guid(ec2026a190fb64d059ebc3ab4e1e29f5) Importer(815301076,1909f56bfc062723c751e8b465ee728b)  -> (artifact id: '1b529f4f2a00237f3491e8b6a77aa9f4') in 0.012710 seconds
  Import took 0.015828 seconds .

========================================================================
Received Import Request.
  Time since last request: 7.916403 seconds.
  path: Assets/Scripts/GetTreated.cs
  artifactKey: Guid(ec2026a190fb64d059ebc3ab4e1e29f5) Importer(815301076,1909f56bfc062723c751e8b465ee728b)
Start importing Assets/Scripts/GetTreated.cs using Guid(ec2026a190fb64d059ebc3ab4e1e29f5) Importer(815301076,1909f56bfc062723c751e8b465ee728b)  -> (artifact id: '79cf551ae9196d6ff8bf46a4bd50c2aa') in 0.005356 seconds
  Import took 0.008753 seconds .

========================================================================
Received Import Request.
  Time since last request: 57.625889 seconds.
  path: Assets/Scripts/GetTreated.cs
  artifactKey: Guid(ec2026a190fb64d059ebc3ab4e1e29f5) Importer(815301076,1909f56bfc062723c751e8b465ee728b)
Start importing Assets/Scripts/GetTreated.cs using Guid(ec2026a190fb64d059ebc3ab4e1e29f5) Importer(815301076,1909f56bfc062723c751e8b465ee728b)  -> (artifact id: 'afc357e418bfd8ac058eac7f7d645237') in 0.004328 seconds
  Import took 0.006351 seconds .

========================================================================
Received Prepare
Registering precompiled user dll's ...
Registered in 0.000558 seconds.
Begin MonoManager ReloadAssembly
Native extension for OSXStandalone target not found
Native extension for WebGL target not found
Refreshing native plugins compatible for Editor in 0.28 ms, found 1 plugins.
Preloading 0 native plugins for Editor in 0.00 ms.
Mono: successfully reloaded assembly
- Completed reload, in  1.251 seconds
Platform modules already initialized, skipping
Refreshing native plugins compatible for Editor in 0.21 ms, found 1 plugins.
Preloading 0 native plugins for Editor in 0.00 ms.
Unloading 1127 Unused Serialized files (Serialized files now loaded: 0)
System memory in use before: 122.5 MB.
System memory in use after: 122.6 MB.

Unloading 5 unused Assets to reduce memory usage. Loaded Objects now: 1612.
Total: 1.872187 ms (FindLiveObjects: 0.233327 ms CreateObjectMapping: 0.036993 ms MarkObjects: 1.543174 ms  DeleteObjects: 0.057144 ms)

========================================================================
Received Prepare
Registering precompiled user dll's ...
Registered in 0.000711 seconds.
Begin MonoManager ReloadAssembly
Native extension for OSXStandalone target not found
Native extension for WebGL target not found
Refreshing native plugins compatible for Editor in 0.25 ms, found 1 plugins.
Preloading 0 native plugins for Editor in 0.00 ms.
Mono: successfully reloaded assembly
- Completed reload, in  1.188 seconds
Platform modules already initialized, skipping
Refreshing native plugins compatible for Editor in 0.27 ms, found 1 plugins.
Preloading 0 native plugins for Editor in 0.00 ms.
Unloading 1127 Unused Serialized files (Serialized files now loaded: 0)
System memory in use before: 122.7 MB.
System memory in use after: 122.7 MB.

Unloading 5 unused Assets to reduce memory usage. Loaded Objects now: 1615.
Total: 1.713845 ms (FindLiveObjects: 0.192901 ms CreateObjectMapping: 0.039872 ms MarkObjects: 1.427334 ms  DeleteObjects: 0.052906 ms)

========================================================================
Received Import Request.
  Time since last request: 120.416751 seconds.
  path: Assets/Scripts/GetTreated.cs
  artifactKey: Guid(ec2026a190fb64d059ebc3ab4e1e29f5) Importer(815301076,1909f56bfc062723c751e8b465ee728b)
Start importing Assets/Scripts/GetTreated.cs using Guid(ec2026a190fb64d059ebc3ab4e1e29f5) Importer(815301076,1909f56bfc062723c751e8b465ee728b)  -> (artifact id: '3a7066df6cd83ea576c6fa02ba6c7110') in 0.006271 seconds
  Import took 0.009280 seconds .

========================================================================
Received Import Request.
  Time since last request: 214.418964 seconds.
  path: Assets/Scripts/GoToWaitingRoom.cs
  artifactKey: Guid(a9b108e42af384b2a996aea4f4dd9914) Importer(815301076,1909f56bfc062723c751e8b465ee728b)
Start importing Assets/Scripts/GoToWaitingRoom.cs using Guid(a9b108e42af384b2a996aea4f4dd9914) Importer(815301076,1909f56bfc062723c751e8b465ee728b)  -> (artifact id: '9cdf1bf13b42cfbe4ce340596a8977d5') in 0.004707 seconds
  Import took 0.006655 seconds .

========================================================================
Received Import Request.
  Time since last request: 28.305889 seconds.
  path: Assets/Scripts/GoToWaitingRoom.cs
  artifactKey: Guid(a9b108e42af384b2a996aea4f4dd9914) Importer(815301076,1909f56bfc062723c751e8b465ee728b)
Start importing Assets/Scripts/GoToWaitingRoom.cs using Guid(a9b108e42af384b2a996aea4f4dd9914) Importer(815301076,1909f56bfc062723c751e8b465ee728b)  -> (artifact id: '4104ccad5d93c9b24f6dd839ca1c1ece') in 0.006607 seconds
  Import took 0.009479 seconds .

========================================================================
Received Import Request.
  Time since last request: 88.902940 seconds.
  path: Assets/Scripts/Nurse.cs
  artifactKey: Guid(7e58caeecab64425db340566b61725e4) Importer(815301076,1909f56bfc062723c751e8b465ee728b)
Start importing Assets/Scripts/Nurse.cs using Guid(7e58caeecab64425db340566b61725e4) Importer(815301076,1909f56bfc062723c751e8b465ee728b)  -> (artifact id: 'd32ff90ba13079f944ed15405d906d2f') in 0.004051 seconds
  Import took 0.006465 seconds .

========================================================================
Received Prepare
Registering precompiled user dll's ...
Registered in 0.000258 seconds.
Begin MonoManager ReloadAssembly
Native extension for OSXStandalone target not found
Native extension for WebGL target not found
Refreshing native plugins compatible for Editor in 0.18 ms, found 1 plugins.
Preloading 0 native plugins for Editor in 0.00 ms.
Mono: successfully reloaded assembly
- Completed reload, in  0.825 seconds
Platform modules already initialized, skipping
Refreshing native plugins compatible for Editor in 0.17 ms, found 1 plugins.
Preloading 0 native plugins for Editor in 0.00 ms.
Unloading 1127 Unused Serialized files (Serialized files now loaded: 0)
System memory in use before: 122.8 MB.
System memory in use after: 122.9 MB.

Unloading 5 unused Assets to reduce memory usage. Loaded Objects now: 1618.
Total: 1.375020 ms (FindLiveObjects: 0.173209 ms CreateObjectMapping: 0.032374 ms MarkObjects: 1.128388 ms  DeleteObjects: 0.040184 ms)

========================================================================
Received Prepare
Registering precompiled user dll's ...
Registered in 0.000613 seconds.
Begin MonoManager ReloadAssembly
Native extension for OSXStandalone target not found
Native extension for WebGL target not found
Refreshing native plugins compatible for Editor in 0.49 ms, found 1 plugins.
Preloading 0 native plugins for Editor in 0.00 ms.
Mono: successfully reloaded assembly
- Completed reload, in  1.380 seconds
Platform modules already initialized, skipping
Refreshing native plugins compatible for Editor in 0.67 ms, found 1 plugins.
Preloading 0 native plugins for Editor in 0.00 ms.
Unloading 1127 Unused Serialized files (Serialized files now loaded: 0)
System memory in use before: 123.0 MB.
System memory in use after: 123.1 MB.

Unloading 5 unused Assets to reduce memory usage. Loaded Objects now: 1621.
Total: 2.131209 ms (FindLiveObjects: 0.176759 ms CreateObjectMapping: 0.045996 ms MarkObjects: 1.842279 ms  DeleteObjects: 0.064051 ms)

========================================================================
Received Prepare
Registering precompiled user dll's ...
Registered in 0.000317 seconds.
Begin MonoManager ReloadAssembly
Native extension for OSXStandalone target not found
Native extension for WebGL target not found
Refreshing native plugins compatible for Editor in 0.59 ms, found 1 plugins.
Preloading 0 native plugins for Editor in 0.00 ms.
Mono: successfully reloaded assembly
- Completed reload, in  1.190 seconds
Platform modules already initialized, skipping
Refreshing native plugins compatible for Editor in 0.50 ms, found 1 plugins.
Preloading 0 native plugins for Editor in 0.00 ms.
Unloading 1127 Unused Serialized files (Serialized files now loaded: 0)
System memory in use before: 123.1 MB.
System memory in use after: 123.2 MB.

Unloading 5 unused Assets to reduce memory usage. Loaded Objects now: 1624.
Total: 1.727782 ms (FindLiveObjects: 0.147787 ms CreateObjectMapping: 0.039132 ms MarkObjects: 1.491622 ms  DeleteObjects: 0.048128 ms)

========================================================================
Received Import Request.
  Time since last request: 523.734941 seconds.
  path: Assets/Scripts/GOAP/GPlanner.cs
  artifactKey: Guid(beb7ea54a80614924a85ecae69d2d694) Importer(815301076,1909f56bfc062723c751e8b465ee728b)
Start importing Assets/Scripts/GOAP/GPlanner.cs using Guid(beb7ea54a80614924a85ecae69d2d694) Importer(815301076,1909f56bfc062723c751e8b465ee728b)  -> (artifact id: '748dd203d74372458de8743f1b7c8014') in 0.007956 seconds
  Import took 0.011027 seconds .

========================================================================
Received Import Request.
  Time since last request: 10.745924 seconds.
  path: Assets/Scripts/GOAP/GPlanner.cs
  artifactKey: Guid(beb7ea54a80614924a85ecae69d2d694) Importer(815301076,1909f56bfc062723c751e8b465ee728b)
Start importing Assets/Scripts/GOAP/GPlanner.cs using Guid(beb7ea54a80614924a85ecae69d2d694) Importer(815301076,1909f56bfc062723c751e8b465ee728b)  -> (artifact id: 'fdff7ea2939a4ef08a8cce56153fa508') in 0.003595 seconds
  Import took 0.006297 seconds .

========================================================================
Received Prepare
Registering precompiled user dll's ...
Registered in 0.000723 seconds.
Begin MonoManager ReloadAssembly
Native extension for OSXStandalone target not found
Native extension for WebGL target not found
Refreshing native plugins compatible for Editor in 0.26 ms, found 1 plugins.
Preloading 0 native plugins for Editor in 0.00 ms.
Mono: successfully reloaded assembly
- Completed reload, in  1.195 seconds
Platform modules already initialized, skipping
Refreshing native plugins compatible for Editor in 0.21 ms, found 1 plugins.
Preloading 0 native plugins for Editor in 0.00 ms.
Unloading 1127 Unused Serialized files (Serialized files now loaded: 0)
System memory in use before: 123.3 MB.
System memory in use after: 123.4 MB.

Unloading 5 unused Assets to reduce memory usage. Loaded Objects now: 1627.
Total: 1.675115 ms (FindLiveObjects: 0.204175 ms CreateObjectMapping: 0.045033 ms MarkObjects: 1.377442 ms  DeleteObjects: 0.047337 ms)

========================================================================
Received Import Request.
  Time since last request: 101.785817 seconds.
  path: Assets/Scripts/GOAP/GPlanner.cs
  artifactKey: Guid(beb7ea54a80614924a85ecae69d2d694) Importer(815301076,1909f56bfc062723c751e8b465ee728b)
Start importing Assets/Scripts/GOAP/GPlanner.cs using Guid(beb7ea54a80614924a85ecae69d2d694) Importer(815301076,1909f56bfc062723c751e8b465ee728b)  -> (artifact id: '902f04786070753d027f0ec671d44163') in 0.010628 seconds
  Import took 0.013480 seconds .

========================================================================
Received Prepare
Registering precompiled user dll's ...
Registered in 0.000398 seconds.
Begin MonoManager ReloadAssembly
Native extension for OSXStandalone target not found
Native extension for WebGL target not found
Refreshing native plugins compatible for Editor in 0.48 ms, found 1 plugins.
Preloading 0 native plugins for Editor in 0.00 ms.
Mono: successfully reloaded assembly
- Completed reload, in  1.211 seconds
Platform modules already initialized, skipping
Refreshing native plugins compatible for Editor in 0.28 ms, found 1 plugins.
Preloading 0 native plugins for Editor in 0.00 ms.
Unloading 1127 Unused Serialized files (Serialized files now loaded: 0)
System memory in use before: 123.5 MB.
System memory in use after: 123.6 MB.

Unloading 5 unused Assets to reduce memory usage. Loaded Objects now: 1630.
Total: 2.066083 ms (FindLiveObjects: 0.193219 ms CreateObjectMapping: 0.049560 ms MarkObjects: 1.764864 ms  DeleteObjects: 0.056756 ms)

========================================================================
Received Prepare
Registering precompiled user dll's ...
Registered in 0.000502 seconds.
Begin MonoManager ReloadAssembly
Native extension for OSXStandalone target not found
Native extension for WebGL target not found
Refreshing native plugins compatible for Editor in 0.19 ms, found 1 plugins.
Preloading 0 native plugins for Editor in 0.00 ms.
Mono: successfully reloaded assembly
- Completed reload, in  1.278 seconds
Platform modules already initialized, skipping
Refreshing native plugins compatible for Editor in 0.33 ms, found 1 plugins.
Preloading 0 native plugins for Editor in 0.00 ms.
Unloading 1127 Unused Serialized files (Serialized files now loaded: 0)
System memory in use before: 123.7 MB.
System memory in use after: 123.8 MB.

Unloading 5 unused Assets to reduce memory usage. Loaded Objects now: 1633.
Total: 1.850245 ms (FindLiveObjects: 0.187556 ms CreateObjectMapping: 0.092226 ms MarkObjects: 1.524305 ms  DeleteObjects: 0.045176 ms)

